Copyright 1986-2017 Xilinx, Inc. All Rights Reserved.
------------------------------------------------------------------------------------
| Tool Version : Vivado v.2017.1 (lin64) Build 1846317 Fri Apr 14 18:54:47 MDT 2017
| Date         : Mon Dec 18 19:02:02 2017
| Host         : tucson running 64-bit Ubuntu 14.04.5 LTS
| Command      : report_utilization -packthru -file ./synth_utilization.rpt
| Design       : design_1_wrapper
| Device       : 7z045ffg900-2
| Design State : Synthesized
------------------------------------------------------------------------------------

Utilization Design Information

Table of Contents
-----------------
1. Slice Logic
1.1 Summary of Registers by Type
2. Memory
3. DSP
4. IO and GT Specific
5. Clocking
6. Specific Feature
7. Primitives
8. Black Boxes
9. Instantiated Netlists

1. Slice Logic
--------------

+--------------------------------------+-------+-------+-----------+-------+
|               Site Type              |  Used | Fixed | Available | Util% |
+--------------------------------------+-------+-------+-----------+-------+
| Slice LUTs*                          | 17091 |     0 |    218600 |  7.82 |
|   LUT as Logic                       | 15916 |     0 |    218600 |  7.28 |
|   LUT as Memory                      |  1175 |     0 |     70400 |  1.67 |
|     LUT as Distributed RAM           |  1108 |     0 |           |       |
|     LUT as Shift Register            |    67 |     0 |           |       |
|   LUT used exclusively as pack-thrus |     0 |     0 |    218600 |  0.00 |
| Slice Registers                      | 27025 |     0 |    437200 |  6.18 |
|   Register as Flip Flop              | 27025 |     0 |    437200 |  6.18 |
|   Register as Latch                  |     0 |     0 |    437200 |  0.00 |
|   Register as pack-thrus             |     0 |     0 |    437200 |  0.00 |
| F7 Muxes                             |   608 |     0 |    109300 |  0.56 |
| F8 Muxes                             |   160 |     0 |     54650 |  0.29 |
+--------------------------------------+-------+-------+-----------+-------+
* Warning! The Final LUT count, after physical optimizations and full implementation, is typically lower. Run opt_design after synthesis, if not already completed, for a more realistic count.


1.1 Summary of Registers by Type
--------------------------------

+-------+--------------+-------------+--------------+
| Total | Clock Enable | Synchronous | Asynchronous |
+-------+--------------+-------------+--------------+
| 0     |            _ |           - |            - |
| 0     |            _ |           - |          Set |
| 0     |            _ |           - |        Reset |
| 0     |            _ |         Set |            - |
| 0     |            _ |       Reset |            - |
| 0     |          Yes |           - |            - |
| 1044  |          Yes |           - |          Set |
| 1752  |          Yes |           - |        Reset |
| 97    |          Yes |         Set |            - |
| 24132 |          Yes |       Reset |            - |
+-------+--------------+-------------+--------------+


2. Memory
---------

+-------------------+------+-------+-----------+-------+
|     Site Type     | Used | Fixed | Available | Util% |
+-------------------+------+-------+-----------+-------+
| Block RAM Tile    | 31.5 |     0 |       545 |  5.78 |
|   RAMB36/FIFO*    |    1 |     0 |       545 |  0.18 |
|     RAMB36E1 only |    1 |       |           |       |
|   RAMB18          |   61 |     0 |      1090 |  5.60 |
|     RAMB18E1 only |   61 |       |           |       |
+-------------------+------+-------+-----------+-------+
* Note: Each Block RAM Tile only has one FIFO logic available and therefore can accommodate only one FIFO36E1 or one FIFO18E1. However, if a FIFO18E1 occupies a Block RAM Tile, that tile can still accommodate a RAMB18E1


3. DSP
------

+-----------+------+-------+-----------+-------+
| Site Type | Used | Fixed | Available | Util% |
+-----------+------+-------+-----------+-------+
| DSPs      |    0 |     0 |       900 |  0.00 |
+-----------+------+-------+-----------+-------+


4. IO and GT Specific
---------------------

+-----------------------------+------+-------+-----------+--------+
|          Site Type          | Used | Fixed | Available |  Util% |
+-----------------------------+------+-------+-----------+--------+
| Bonded IOB                  |    0 |     0 |       362 |   0.00 |
| Bonded IPADs                |    0 |     0 |        50 |   0.00 |
| Bonded OPADs                |    0 |     0 |        32 |   0.00 |
| Bonded IOPADs               |  130 |   130 |       130 | 100.00 |
| PHY_CONTROL                 |    0 |     0 |         8 |   0.00 |
| PHASER_REF                  |    0 |     0 |         8 |   0.00 |
| OUT_FIFO                    |    0 |     0 |        32 |   0.00 |
| IN_FIFO                     |    0 |     0 |        32 |   0.00 |
| IDELAYCTRL                  |    0 |     0 |         8 |   0.00 |
| IBUFDS                      |    0 |     0 |       348 |   0.00 |
| GTXE2_COMMON                |    0 |     0 |         4 |   0.00 |
| GTXE2_CHANNEL               |    0 |     0 |        16 |   0.00 |
| PHASER_OUT/PHASER_OUT_PHY   |    0 |     0 |        32 |   0.00 |
| PHASER_IN/PHASER_IN_PHY     |    0 |     0 |        32 |   0.00 |
| IDELAYE2/IDELAYE2_FINEDELAY |    0 |     0 |       400 |   0.00 |
| ODELAYE2/ODELAYE2_FINEDELAY |    0 |     0 |       150 |   0.00 |
| IBUFDS_GTE2                 |    0 |     0 |         8 |   0.00 |
| ILOGIC                      |    0 |     0 |       362 |   0.00 |
| OLOGIC                      |    0 |     0 |       362 |   0.00 |
+-----------------------------+------+-------+-----------+--------+


5. Clocking
-----------

+------------+------+-------+-----------+-------+
|  Site Type | Used | Fixed | Available | Util% |
+------------+------+-------+-----------+-------+
| BUFGCTRL   |    2 |     0 |        32 |  6.25 |
| BUFIO      |    0 |     0 |        32 |  0.00 |
| MMCME2_ADV |    0 |     0 |         8 |  0.00 |
| PLLE2_ADV  |    0 |     0 |         8 |  0.00 |
| BUFMRCE    |    0 |     0 |        16 |  0.00 |
| BUFHCE     |    0 |     0 |       168 |  0.00 |
| BUFR       |    0 |     0 |        32 |  0.00 |
+------------+------+-------+-----------+-------+


6. Specific Feature
-------------------

+-------------+------+-------+-----------+-------+
|  Site Type  | Used | Fixed | Available | Util% |
+-------------+------+-------+-----------+-------+
| BSCANE2     |    0 |     0 |         4 |  0.00 |
| CAPTUREE2   |    0 |     0 |         1 |  0.00 |
| DNA_PORT    |    0 |     0 |         1 |  0.00 |
| EFUSE_USR   |    0 |     0 |         1 |  0.00 |
| FRAME_ECCE2 |    0 |     0 |         1 |  0.00 |
| ICAPE2      |    0 |     0 |         2 |  0.00 |
| PCIE_2_1    |    0 |     0 |         1 |  0.00 |
| STARTUPE2   |    0 |     0 |         1 |  0.00 |
| XADC        |    0 |     0 |         1 |  0.00 |
+-------------+------+-------+-----------+-------+


7. Primitives
-------------

+----------+-------+----------------------+
| Ref Name |  Used |  Functional Category |
+----------+-------+----------------------+
| FDRE     | 24132 |         Flop & Latch |
| LUT3     |  6133 |                  LUT |
| LUT6     |  5666 |                  LUT |
| LUT4     |  2600 |                  LUT |
| LUT5     |  2063 |                  LUT |
| LUT2     |  1910 |                  LUT |
| FDCE     |  1752 |         Flop & Latch |
| RAMD32   |  1658 |   Distributed Memory |
| LUT1     |  1372 |                  LUT |
| FDPE     |  1044 |         Flop & Latch |
| CARRY4   |   709 |           CarryLogic |
| MUXF7    |   608 |                MuxFx |
| RAMS32   |   550 |   Distributed Memory |
| MUXF8    |   160 |                MuxFx |
| BIBUF    |   130 |                   IO |
| FDSE     |    97 |         Flop & Latch |
| RAMB18E1 |    61 |         Block Memory |
| SRLC32E  |    47 |   Distributed Memory |
| SRL16E   |    20 |   Distributed Memory |
| BUFG     |     2 |                Clock |
| RAMB36E1 |     1 |         Block Memory |
| PS7      |     1 | Specialized Resource |
+----------+-------+----------------------+


8. Black Boxes
--------------

+----------+------+
| Ref Name | Used |
+----------+------+


9. Instantiated Netlists
------------------------

+-------------------------------------+------+
|               Ref Name              | Used |
+-------------------------------------+------+
| design_1_rst_ps7_0_100M_0           |    1 |
| design_1_processing_system7_0_0     |    1 |
| design_1_proc_sys_reset_fclk1_0     |    1 |
| design_1_axi_register_slice_3_0     |    1 |
| design_1_axi_register_slice_2_0     |    1 |
| design_1_axi_register_slice_1_0     |    1 |
| design_1_axi_register_slice_0_0     |    1 |
| design_1_axi_protocol_converter_3_0 |    1 |
| design_1_axi_protocol_converter_2_0 |    1 |
| design_1_axi_protocol_converter_1_0 |    1 |
| design_1_axi_protocol_converter_0_0 |    1 |
| design_1_axi_dwidth_converter_3_0   |    1 |
| design_1_axi_dwidth_converter_2_0   |    1 |
| design_1_axi_dwidth_converter_1_0   |    1 |
| design_1_axi_dwidth_converter_0_0   |    1 |
| design_1_axi_clock_converter_3_0    |    1 |
| design_1_axi_clock_converter_2_0    |    1 |
| design_1_axi_clock_converter_1_0    |    1 |
| design_1_axi_clock_converter_0_0    |    1 |
| design_1_auto_pc_0                  |    1 |
+-------------------------------------+------+


