
*** Running vivado
    with args -log design_1_axi_register_slice_2_0.vds -m64 -product Vivado -mode batch -messageDb vivado.pb -notrace -source design_1_axi_register_slice_2_0.tcl


****** Vivado v2017.1 (64-bit)
  **** SW Build 1846317 on Fri Apr 14 18:54:47 MDT 2017
  **** IP Build 1846188 on Fri Apr 14 20:52:08 MDT 2017
    ** Copyright 1986-2017 Xilinx, Inc. All Rights Reserved.

source design_1_axi_register_slice_2_0.tcl -notrace
Starting RTL Elaboration : Time (s): cpu = 00:00:04 ; elapsed = 00:00:04 . Memory (MB): peak = 1218.684 ; gain = 73.996 ; free physical = 35166 ; free virtual = 208641
INFO: [Synth 8-638] synthesizing module 'design_1_axi_register_slice_2_0' [/home/tianzhao/quartus_16_fringe_ref/spatial-lang-arria10/gen/DRAMWriteTest/verilog-zynq/project_1/project_1.srcs/sources_1/ip/design_1_axi_register_slice_2_0/synth/design_1_axi_register_slice_2_0.v:58]
INFO: [Synth 8-638] synthesizing module 'axi_register_slice_v2_1_12_axi_register_slice' [/home/tianzhao/quartus_16_fringe_ref/spatial-lang-arria10/gen/DRAMWriteTest/verilog-zynq/project_1/project_1.srcs/sources_1/ipshared/0e33/hdl/axi_register_slice_v2_1_vl_rfs.v:791]
INFO: [Synth 8-638] synthesizing module 'axi_infrastructure_v1_1_0_axi2vector' [/home/tianzhao/quartus_16_fringe_ref/spatial-lang-arria10/gen/DRAMWriteTest/verilog-zynq/project_1/project_1.srcs/sources_1/ipshared/7e3a/hdl/axi_infrastructure_v1_1_vl_rfs.v:60]
INFO: [Synth 8-256] done synthesizing module 'axi_infrastructure_v1_1_0_axi2vector' (1#1) [/home/tianzhao/quartus_16_fringe_ref/spatial-lang-arria10/gen/DRAMWriteTest/verilog-zynq/project_1/project_1.srcs/sources_1/ipshared/7e3a/hdl/axi_infrastructure_v1_1_vl_rfs.v:60]
INFO: [Synth 8-638] synthesizing module 'axi_register_slice_v2_1_12_axic_register_slice' [/home/tianzhao/quartus_16_fringe_ref/spatial-lang-arria10/gen/DRAMWriteTest/verilog-zynq/project_1/project_1.srcs/sources_1/ipshared/0e33/hdl/axi_register_slice_v2_1_vl_rfs.v:85]
INFO: [Synth 8-256] done synthesizing module 'axi_register_slice_v2_1_12_axic_register_slice' (2#1) [/home/tianzhao/quartus_16_fringe_ref/spatial-lang-arria10/gen/DRAMWriteTest/verilog-zynq/project_1/project_1.srcs/sources_1/ipshared/0e33/hdl/axi_register_slice_v2_1_vl_rfs.v:85]
INFO: [Synth 8-638] synthesizing module 'axi_register_slice_v2_1_12_axic_register_slice__parameterized0' [/home/tianzhao/quartus_16_fringe_ref/spatial-lang-arria10/gen/DRAMWriteTest/verilog-zynq/project_1/project_1.srcs/sources_1/ipshared/0e33/hdl/axi_register_slice_v2_1_vl_rfs.v:85]
INFO: [Synth 8-256] done synthesizing module 'axi_register_slice_v2_1_12_axic_register_slice__parameterized0' (2#1) [/home/tianzhao/quartus_16_fringe_ref/spatial-lang-arria10/gen/DRAMWriteTest/verilog-zynq/project_1/project_1.srcs/sources_1/ipshared/0e33/hdl/axi_register_slice_v2_1_vl_rfs.v:85]
INFO: [Synth 8-638] synthesizing module 'axi_register_slice_v2_1_12_axic_register_slice__parameterized1' [/home/tianzhao/quartus_16_fringe_ref/spatial-lang-arria10/gen/DRAMWriteTest/verilog-zynq/project_1/project_1.srcs/sources_1/ipshared/0e33/hdl/axi_register_slice_v2_1_vl_rfs.v:85]
INFO: [Synth 8-256] done synthesizing module 'axi_register_slice_v2_1_12_axic_register_slice__parameterized1' (2#1) [/home/tianzhao/quartus_16_fringe_ref/spatial-lang-arria10/gen/DRAMWriteTest/verilog-zynq/project_1/project_1.srcs/sources_1/ipshared/0e33/hdl/axi_register_slice_v2_1_vl_rfs.v:85]
INFO: [Synth 8-638] synthesizing module 'axi_register_slice_v2_1_12_axic_register_slice__parameterized2' [/home/tianzhao/quartus_16_fringe_ref/spatial-lang-arria10/gen/DRAMWriteTest/verilog-zynq/project_1/project_1.srcs/sources_1/ipshared/0e33/hdl/axi_register_slice_v2_1_vl_rfs.v:85]
INFO: [Synth 8-256] done synthesizing module 'axi_register_slice_v2_1_12_axic_register_slice__parameterized2' (2#1) [/home/tianzhao/quartus_16_fringe_ref/spatial-lang-arria10/gen/DRAMWriteTest/verilog-zynq/project_1/project_1.srcs/sources_1/ipshared/0e33/hdl/axi_register_slice_v2_1_vl_rfs.v:85]
INFO: [Synth 8-638] synthesizing module 'axi_infrastructure_v1_1_0_vector2axi' [/home/tianzhao/quartus_16_fringe_ref/spatial-lang-arria10/gen/DRAMWriteTest/verilog-zynq/project_1/project_1.srcs/sources_1/ipshared/7e3a/hdl/axi_infrastructure_v1_1_vl_rfs.v:474]
INFO: [Synth 8-256] done synthesizing module 'axi_infrastructure_v1_1_0_vector2axi' (3#1) [/home/tianzhao/quartus_16_fringe_ref/spatial-lang-arria10/gen/DRAMWriteTest/verilog-zynq/project_1/project_1.srcs/sources_1/ipshared/7e3a/hdl/axi_infrastructure_v1_1_vl_rfs.v:474]
INFO: [Synth 8-256] done synthesizing module 'axi_register_slice_v2_1_12_axi_register_slice' (4#1) [/home/tianzhao/quartus_16_fringe_ref/spatial-lang-arria10/gen/DRAMWriteTest/verilog-zynq/project_1/project_1.srcs/sources_1/ipshared/0e33/hdl/axi_register_slice_v2_1_vl_rfs.v:791]
INFO: [Synth 8-256] done synthesizing module 'design_1_axi_register_slice_2_0' (5#1) [/home/tianzhao/quartus_16_fringe_ref/spatial-lang-arria10/gen/DRAMWriteTest/verilog-zynq/project_1/project_1.srcs/sources_1/ip/design_1_axi_register_slice_2_0/synth/design_1_axi_register_slice_2_0.v:58]
Finished RTL Elaboration : Time (s): cpu = 00:00:04 ; elapsed = 00:00:05 . Memory (MB): peak = 1259.191 ; gain = 114.504 ; free physical = 35137 ; free virtual = 208614
Finished RTL Optimization Phase 1 : Time (s): cpu = 00:00:05 ; elapsed = 00:00:05 . Memory (MB): peak = 1259.191 ; gain = 114.504 ; free physical = 35122 ; free virtual = 208600
INFO: [Device 21-403] Loading part xc7z045ffg900-2
Constraint Validation Runtime : Time (s): cpu = 00:00:00.16 ; elapsed = 00:00:00.10 . Memory (MB): peak = 1643.793 ; gain = 1.000 ; free physical = 33833 ; free virtual = 207309
Finished Constraint Validation : Time (s): cpu = 00:00:16 ; elapsed = 00:00:16 . Memory (MB): peak = 1643.797 ; gain = 499.109 ; free physical = 34038 ; free virtual = 207514
Finished Loading Part and Timing Information : Time (s): cpu = 00:00:16 ; elapsed = 00:00:16 . Memory (MB): peak = 1643.797 ; gain = 499.109 ; free physical = 34038 ; free virtual = 207514
Finished applying 'set_property' XDC Constraints : Time (s): cpu = 00:00:16 ; elapsed = 00:00:16 . Memory (MB): peak = 1643.797 ; gain = 499.109 ; free physical = 34040 ; free virtual = 207516
Finished RTL Optimization Phase 2 : Time (s): cpu = 00:00:16 ; elapsed = 00:00:17 . Memory (MB): peak = 1643.797 ; gain = 499.109 ; free physical = 34035 ; free virtual = 207511
Finished Cross Boundary and Area Optimization : Time (s): cpu = 00:00:17 ; elapsed = 00:00:18 . Memory (MB): peak = 1643.797 ; gain = 499.109 ; free physical = 34007 ; free virtual = 207483
Finished Applying XDC Timing Constraints : Time (s): cpu = 00:00:24 ; elapsed = 00:00:25 . Memory (MB): peak = 1643.797 ; gain = 499.109 ; free physical = 33539 ; free virtual = 207015
Finished Timing Optimization : Time (s): cpu = 00:00:25 ; elapsed = 00:00:25 . Memory (MB): peak = 1643.797 ; gain = 499.109 ; free physical = 33484 ; free virtual = 206960
Finished Technology Mapping : Time (s): cpu = 00:00:26 ; elapsed = 00:00:26 . Memory (MB): peak = 1654.199 ; gain = 509.512 ; free physical = 33324 ; free virtual = 206801
Finished IO Insertion : Time (s): cpu = 00:00:26 ; elapsed = 00:00:27 . Memory (MB): peak = 1654.203 ; gain = 509.516 ; free physical = 33446 ; free virtual = 206923
Finished Renaming Generated Instances : Time (s): cpu = 00:00:26 ; elapsed = 00:00:27 . Memory (MB): peak = 1654.203 ; gain = 509.516 ; free physical = 33457 ; free virtual = 206933
Finished Rebuilding User Hierarchy : Time (s): cpu = 00:00:26 ; elapsed = 00:00:27 . Memory (MB): peak = 1654.203 ; gain = 509.516 ; free physical = 33458 ; free virtual = 206938
Finished Renaming Generated Ports : Time (s): cpu = 00:00:26 ; elapsed = 00:00:27 . Memory (MB): peak = 1654.203 ; gain = 509.516 ; free physical = 33456 ; free virtual = 206936
Finished Handling Custom Attributes : Time (s): cpu = 00:00:27 ; elapsed = 00:00:27 . Memory (MB): peak = 1654.203 ; gain = 509.516 ; free physical = 33351 ; free virtual = 206828
Finished Renaming Generated Nets : Time (s): cpu = 00:00:27 ; elapsed = 00:00:27 . Memory (MB): peak = 1654.203 ; gain = 509.516 ; free physical = 33351 ; free virtual = 206828

Report Cell Usage: 
+------+-----+------+
|      |Cell |Count |
+------+-----+------+
|1     |LUT1 |     5|
|2     |LUT2 |     3|
|3     |LUT3 |  1134|
|4     |LUT4 |     7|
|5     |FDRE |  2512|
+------+-----+------+
Finished Writing Synthesis Report : Time (s): cpu = 00:00:27 ; elapsed = 00:00:27 . Memory (MB): peak = 1654.203 ; gain = 509.516 ; free physical = 33358 ; free virtual = 206836
synth_design: Time (s): cpu = 00:00:29 ; elapsed = 00:00:30 . Memory (MB): peak = 1654.207 ; gain = 553.988 ; free physical = 33371 ; free virtual = 206858
